2021-04-12 23:23:42:2342 [31merror[39m: [31mCannot read property 'InitMongo' of undefined[39m
2021-04-12 23:24:09:249 [31merror[39m: [31mCannot read property 'InitMongo' of undefined[39m
2021-04-12 23:25:02:252 [31merror[39m: [31mCannot read property 'InitMongo' of undefined[39m
2021-04-12 23:25:29:2529 [31merror[39m: [31mCannot read property 'InitMongo' of undefined[39m
2021-04-12 23:26:12:2612 [31merror[39m: [31mCannot read property 'InitMongo' of undefined[39m
2021-04-13 00:24:29:2429 [31merror[39m: [31mCannot read property 'InitSocket' of undefined[39m
2021-04-13 21:33:22:3322 [31merror[39m: [31mApp starting error:[39m
2021-04-13 21:34:10:3410 [31merror[39m: [31mApp starting error:[39m
2021-04-15 18:10:42:1042 [31merror[39m: [31m[31merror[31m[39m
2021-04-15 18:10:47:1047 [31merror[39m: [31m[31merror[31m[39m
2021-04-15 18:20:15:2015 [31merror[39m: [31m[31merror[31m[39m
2021-04-15 18:54:46:5446 [31merror[39m: [31m[31merror[31m[39m
2021-04-15 18:54:53:5453 [31merror[39m: [31m[31merror[31m[39m
2021-04-15 19:00:52:052 [31merror[39m: [31m[31merror[31m[39m
2021-04-15 19:00:57:057 [31merror[39m: [31m[31merror[31m[39m
2021-04-15 19:02:04:24 [31merror[39m: [31m[31merror[31m[39m
2021-04-15 19:02:07:27 [31merror[39m: [31m[31merror[31m[39m
2021-04-15 19:03:09:39 [31merror[39m: [31m[31merror[31m[39m
2021-04-15 19:03:15:315 [31merror[39m: [31m[31merror[31m[39m
2021-04-22 18:42:24:4224 [31merror[39m: [31mmongo connection error:[39m
2021-04-22 19:47:14:4714 [31merror[39m: [31mmongo connection error:[39m
